========================================================================================================================
RUNNING ATTENTION STRATEGIES ON ALL PDGs
========================================================================================================================

────────────────────────────────────────────────────────────────────────────────────────────────────────────────────────
Processing chain_5v_4e (fixed structure; 50 CPD replicates)
────────────────────────────────────────────────────────────────────────────────────────────────────────────────────────
  [chain_5v_4e] rep 1/50 uniform... /network/scratch/s/samieima/projects/lir/src/run_strategies_on_pdgs.py:399: UserWarning: Converting a tensor with requires_grad=True to a scalar may lead to unexpected behavior.
Consider using tensor.detach() first. (Triggered internally at /pytorch/torch/csrc/autograd/generated/python_variable_methods.cpp:836.)
  initial_inconsistency = float(torch_score(pdg_copy, mu_state, LIR_GAMMA))
✓ Res 100.0%
  [chain_5v_4e] rep 1/50 partial... ✓ Res 99.9%
  [chain_5v_4e] rep 1/50 hub... ✓ Res 100.0%
  [chain_5v_4e] rep 2/50 uniform... ✓ Res 100.0%
  [chain_5v_4e] rep 2/50 partial... ✓ Res 30.1%
  [chain_5v_4e] rep 2/50 hub... ✓ Res 100.0%
  [chain_5v_4e] rep 3/50 uniform... ✓ Res 100.0%
  [chain_5v_4e] rep 3/50 partial... ✓ Res 70.2%
  [chain_5v_4e] rep 3/50 hub... ✓ Res 100.0%
  [chain_5v_4e] rep 4/50 uniform... ✓ Res 95.6%
  [chain_5v_4e] rep 4/50 partial... ✓ Res 74.9%
  [chain_5v_4e] rep 4/50 hub... ✓ Res 95.6%
  [chain_5v_4e] rep 5/50 uniform... ✓ Res 100.0%
  [chain_5v_4e] rep 5/50 partial... ✓ Res 81.7%
  [chain_5v_4e] rep 5/50 hub... ✓ Res 100.0%
  [chain_5v_4e] rep 6/50 uniform... ✓ Res 100.0%
  [chain_5v_4e] rep 6/50 partial... ✓ Res 75.3%
  [chain_5v_4e] rep 6/50 hub... ✓ Res 100.0%
  [chain_5v_4e] rep 7/50 uniform... ✓ Res 100.0%
  [chain_5v_4e] rep 7/50 partial... ✓ Res 80.2%
  [chain_5v_4e] rep 7/50 hub... ✓ Res 100.0%
  [chain_5v_4e] rep 8/50 uniform... ✓ Res 100.0%
  [chain_5v_4e] rep 8/50 partial... ✓ Res 83.8%
  [chain_5v_4e] rep 8/50 hub... ✓ Res 100.0%
  [chain_5v_4e] rep 9/50 uniform... ✓ Res 99.0%
  [chain_5v_4e] rep 9/50 partial... ✓ Res 65.3%
  [chain_5v_4e] rep 9/50 hub... ✓ Res 99.0%
  [chain_5v_4e] rep 10/50 uniform... ✓ Res 99.9%
  [chain_5v_4e] rep 10/50 partial... ✓ Res 19.2%
  [chain_5v_4e] rep 10/50 hub... ✓ Res 100.0%
  [chain_5v_4e] rep 11/50 uniform... ✓ Res 100.0%
  [chain_5v_4e] rep 11/50 partial... ✓ Res 59.8%
  [chain_5v_4e] rep 11/50 hub... ✓ Res 100.0%
  [chain_5v_4e] rep 12/50 uniform... ✓ Res 99.8%
  [chain_5v_4e] rep 12/50 partial... ✓ Res 97.9%
  [chain_5v_4e] rep 12/50 hub... ✓ Res 99.9%
  [chain_5v_4e] rep 13/50 uniform... ✓ Res 98.3%
  [chain_5v_4e] rep 13/50 partial... ✓ Res 84.9%
  [chain_5v_4e] rep 13/50 hub... ✓ Res 98.4%
  [chain_5v_4e] rep 14/50 uniform... ✓ Res 100.0%
  [chain_5v_4e] rep 14/50 partial... ✓ Res 64.1%
  [chain_5v_4e] rep 14/50 hub... ✓ Res 100.0%
  [chain_5v_4e] rep 15/50 uniform... ✓ Res 100.0%
  [chain_5v_4e] rep 15/50 partial... ✓ Res 84.0%
  [chain_5v_4e] rep 15/50 hub... ✓ Res 100.0%
  [chain_5v_4e] rep 16/50 uniform... ✓ Res 100.0%
  [chain_5v_4e] rep 16/50 partial... ✓ Res 99.8%
  [chain_5v_4e] rep 16/50 hub... ✓ Res 100.0%
  [chain_5v_4e] rep 17/50 uniform... ✓ Res 100.0%
  [chain_5v_4e] rep 17/50 partial... ✓ Res 50.4%
  [chain_5v_4e] rep 17/50 hub... ✓ Res 100.0%
  [chain_5v_4e] rep 18/50 uniform... ✓ Res 99.9%
  [chain_5v_4e] rep 18/50 partial... ✓ Res 99.9%
  [chain_5v_4e] rep 18/50 hub... ✓ Res 99.9%
  [chain_5v_4e] rep 19/50 uniform... ✓ Res 100.0%
  [chain_5v_4e] rep 19/50 partial... ✓ Res 98.1%
  [chain_5v_4e] rep 19/50 hub... ✓ Res 100.0%
  [chain_5v_4e] rep 20/50 uniform... ✓ Res 100.0%
  [chain_5v_4e] rep 20/50 partial... ✓ Res 99.7%
  [chain_5v_4e] rep 20/50 hub... ✓ Res 100.0%
  [chain_5v_4e] rep 21/50 uniform... ✓ Res 100.0%
  [chain_5v_4e] rep 21/50 partial... ✓ Res 85.5%
  [chain_5v_4e] rep 21/50 hub... ✓ Res 100.0%
  [chain_5v_4e] rep 22/50 uniform... ✓ Res 100.0%
  [chain_5v_4e] rep 22/50 partial... ✓ Res 96.6%
  [chain_5v_4e] rep 22/50 hub... ✓ Res 100.0%
  [chain_5v_4e] rep 23/50 uniform... ✓ Res 100.0%
  [chain_5v_4e] rep 23/50 partial... ✓ Res 75.7%
  [chain_5v_4e] rep 23/50 hub... ✓ Res 100.0%
  [chain_5v_4e] rep 24/50 uniform... ✓ Res 100.0%
  [chain_5v_4e] rep 24/50 partial... ✓ Res 60.0%
  [chain_5v_4e] rep 24/50 hub... ✓ Res 100.0%
  [chain_5v_4e] rep 25/50 uniform... ✓ Res 100.0%
  [chain_5v_4e] rep 25/50 partial... ✓ Res 90.4%
  [chain_5v_4e] rep 25/50 hub... ✓ Res 100.0%
  [chain_5v_4e] rep 26/50 uniform... ✓ Res 100.0%
  [chain_5v_4e] rep 26/50 partial... ✓ Res 95.9%
  [chain_5v_4e] rep 26/50 hub... ✓ Res 100.0%
  [chain_5v_4e] rep 27/50 uniform... ✓ Res 95.8%
  [chain_5v_4e] rep 27/50 partial... ✓ Res 97.7%
  [chain_5v_4e] rep 27/50 hub... ✓ Res 96.2%
  [chain_5v_4e] rep 28/50 uniform... ✓ Res 98.1%
  [chain_5v_4e] rep 28/50 partial... ✓ Res 88.6%
  [chain_5v_4e] rep 28/50 hub... ✓ Res 96.4%
  [chain_5v_4e] rep 29/50 uniform... ✓ Res 100.0%
  [chain_5v_4e] rep 29/50 partial... ✓ Res 99.6%
  [chain_5v_4e] rep 29/50 hub... ✓ Res 100.0%
  [chain_5v_4e] rep 30/50 uniform... ✓ Res 100.0%
  [chain_5v_4e] rep 30/50 partial... ✓ Res 59.3%
  [chain_5v_4e] rep 30/50 hub... ✓ Res 99.9%
  [chain_5v_4e] rep 31/50 uniform... ✓ Res 100.0%
  [chain_5v_4e] rep 31/50 partial... ✓ Res 73.0%
  [chain_5v_4e] rep 31/50 hub... ✓ Res 100.0%
  [chain_5v_4e] rep 32/50 uniform... ✓ Res 97.2%
  [chain_5v_4e] rep 32/50 partial... ✓ Res 82.1%
  [chain_5v_4e] rep 32/50 hub... ✓ Res 98.5%
  [chain_5v_4e] rep 33/50 uniform... ✓ Res 82.6%
  [chain_5v_4e] rep 33/50 partial... ✓ Res 76.2%
  [chain_5v_4e] rep 33/50 hub... ✓ Res 82.8%
  [chain_5v_4e] rep 34/50 uniform... ✓ Res 100.0%
  [chain_5v_4e] rep 34/50 partial... ✓ Res 71.2%
  [chain_5v_4e] rep 34/50 hub... ✓ Res 100.0%
  [chain_5v_4e] rep 35/50 uniform... ✓ Res 100.0%
  [chain_5v_4e] rep 35/50 partial... ✓ Res 33.8%
  [chain_5v_4e] rep 35/50 hub... ✓ Res 100.0%
  [chain_5v_4e] rep 36/50 uniform... ✓ Res 100.0%
  [chain_5v_4e] rep 36/50 partial... ✓ Res 100.0%
  [chain_5v_4e] rep 36/50 hub... ✓ Res 100.0%
  [chain_5v_4e] rep 37/50 uniform... ✓ Res 100.0%
  [chain_5v_4e] rep 37/50 partial... ✓ Res 84.9%
  [chain_5v_4e] rep 37/50 hub... ✓ Res 100.0%
  [chain_5v_4e] rep 38/50 uniform... ✓ Res 100.0%
  [chain_5v_4e] rep 38/50 partial... ✓ Res 86.4%
  [chain_5v_4e] rep 38/50 hub... ✓ Res 100.0%
  [chain_5v_4e] rep 39/50 uniform... ✓ Res 100.0%
  [chain_5v_4e] rep 39/50 partial... ✓ Res 95.6%
  [chain_5v_4e] rep 39/50 hub... ✓ Res 100.0%
  [chain_5v_4e] rep 40/50 uniform... ✓ Res 100.0%
  [chain_5v_4e] rep 40/50 partial... ✓ Res 98.9%
  [chain_5v_4e] rep 40/50 hub... ✓ Res 100.0%
  [chain_5v_4e] rep 41/50 uniform... ✓ Res 99.8%
  [chain_5v_4e] rep 41/50 partial... ✓ Res 95.8%
  [chain_5v_4e] rep 41/50 hub... ✓ Res 99.9%
  [chain_5v_4e] rep 42/50 uniform... ✓ Res 100.0%
  [chain_5v_4e] rep 42/50 partial... ✓ Res 91.6%
  [chain_5v_4e] rep 42/50 hub... ✓ Res 100.0%
  [chain_5v_4e] rep 43/50 uniform... ✓ Res 100.0%
  [chain_5v_4e] rep 43/50 partial... ✓ Res 77.1%
  [chain_5v_4e] rep 43/50 hub... ✓ Res 100.0%
  [chain_5v_4e] rep 44/50 uniform... ✓ Res 100.0%
  [chain_5v_4e] rep 44/50 partial... ✓ Res 70.2%
  [chain_5v_4e] rep 44/50 hub... ✓ Res 100.0%
  [chain_5v_4e] rep 45/50 uniform... ✓ Res 99.1%
  [chain_5v_4e] rep 45/50 partial... ✓ Res 45.6%
  [chain_5v_4e] rep 45/50 hub... ✓ Res 99.1%
  [chain_5v_4e] rep 46/50 uniform... ✓ Res 100.0%
  [chain_5v_4e] rep 46/50 partial... ✓ Res 20.8%
  [chain_5v_4e] rep 46/50 hub... ✓ Res 100.0%
  [chain_5v_4e] rep 47/50 uniform... ✓ Res 100.0%
  [chain_5v_4e] rep 47/50 partial... ✓ Res 99.4%
  [chain_5v_4e] rep 47/50 hub... ✓ Res 100.0%
  [chain_5v_4e] rep 48/50 uniform... ✓ Res 99.5%
  [chain_5v_4e] rep 48/50 partial... ✓ Res 82.3%
  [chain_5v_4e] rep 48/50 hub... ✓ Res 99.5%
  [chain_5v_4e] rep 49/50 uniform... ✓ Res 100.0%
  [chain_5v_4e] rep 49/50 partial... ✓ Res 92.0%
  [chain_5v_4e] rep 49/50 hub... ✓ Res 100.0%
  [chain_5v_4e] rep 50/50 uniform... ✓ Res 99.0%
  [chain_5v_4e] rep 50/50 partial... ✓ Res 95.7%
  [chain_5v_4e] rep 50/50 hub... ✓ Res 99.1%

Wrote results/attention_parallel_4pdg_50cpd_l40s/pdg1_chain_5v_4e/results_all_replicates.csv

========================================================================================================================
FOCUS RESOLUTION RESULTS WITH DISTORTION (TOTAL VARIATION)
========================================================================================================================

PDG             Focus           Initial      Final        Resolution %    Distortion (TV)
========================================================================================================================
(Many CPD replicates: showing means over replicates per PDG × strategy)

chain_5v_4e     hub             0.168060     0.000529     99.27           0.315133       
chain_5v_4e     partial         0.168060     0.047654     78.82           0.261873       
chain_5v_4e     uniform         0.168060     0.000516     99.26           0.396746       

========================================================================================================================
SUMMARY BY FOCUS
========================================================================================================================

Focus           Avg Initial  Avg Final    Avg Res %    Avg Distortion (TV) 
-----------------------------------------------------------------------
hub             0.168060     0.000529     99.27        0.315133            
partial         0.168060     0.047654     78.82        0.261873            
uniform         0.168060     0.000516     99.26        0.396746            

Skipping final visualizations for this shard (--skip-final-visualizations).

========================================================================================================================
EXPERIMENT COMPLETE
========================================================================================================================

======== GPU REPORT ========

==============NVSMI LOG==============

Timestamp                                 : Wed Apr  1 02:09:03 2026
Driver Version                            : 580.95.05
CUDA Version                              : 13.0

Attached GPUs                             : 1
GPU 00000000:61:00.0
    Accounting Mode                       : Enabled
    Accounting Mode Buffer Size           : 4000
    Accounted Processes                   : None

Wed Apr  1 02:09:03 2026       
+-----------------------------------------------------------------------------------------+
| NVIDIA-SMI 580.95.05              Driver Version: 580.95.05      CUDA Version: 13.0     |
+-----------------------------------------+------------------------+----------------------+
| GPU  Name                 Persistence-M | Bus-Id          Disp.A | Volatile Uncorr. ECC |
| Fan  Temp   Perf          Pwr:Usage/Cap |           Memory-Usage | GPU-Util  Compute M. |
|                                         |                        |               MIG M. |
|=========================================+========================+======================|
|   0  NVIDIA L40S                    On  |   00000000:61:00.0 Off |                    0 |
| N/A   26C    P8             34W /  325W |       0MiB /  46068MiB |      0%      Default |
|                                         |                        |                  N/A |
+-----------------------------------------+------------------------+----------------------+

+-----------------------------------------------------------------------------------------+
| Processes:                                                                              |
|  GPU   GI   CI              PID   Type   Process name                        GPU Memory |
|        ID   ID                                                               Usage      |
|=========================================================================================|
|  No running processes found                                                             |
+-----------------------------------------------------------------------------------------+
