========================================================================================================================
RUNNING ATTENTION STRATEGIES ON ALL PDGs
========================================================================================================================

────────────────────────────────────────────────────────────────────────────────────────────────────────────────────────
Processing chain_7v_6e (fixed structure; 50 CPD replicates)
────────────────────────────────────────────────────────────────────────────────────────────────────────────────────────
  [chain_7v_6e] rep 1/50 uniform... /network/scratch/s/samieima/projects/lir/src/run_strategies_on_pdgs.py:399: UserWarning: Converting a tensor with requires_grad=True to a scalar may lead to unexpected behavior.
Consider using tensor.detach() first. (Triggered internally at /pytorch/torch/csrc/autograd/generated/python_variable_methods.cpp:836.)
  initial_inconsistency = float(torch_score(pdg_copy, mu_state, LIR_GAMMA))
✓ Res 76.6%
  [chain_7v_6e] rep 1/50 partial... ✓ Res 86.2%
  [chain_7v_6e] rep 1/50 hub... ✓ Res 76.9%
  [chain_7v_6e] rep 2/50 uniform... ✓ Res 99.7%
  [chain_7v_6e] rep 2/50 partial... ✓ Res 30.6%
  [chain_7v_6e] rep 2/50 hub... ✓ Res 99.2%
  [chain_7v_6e] rep 3/50 uniform... ✓ Res 100.0%
  [chain_7v_6e] rep 3/50 partial... ✓ Res 72.4%
  [chain_7v_6e] rep 3/50 hub... ✓ Res 100.0%
  [chain_7v_6e] rep 4/50 uniform... ✓ Res 99.9%
  [chain_7v_6e] rep 4/50 partial... ✓ Res 78.7%
  [chain_7v_6e] rep 4/50 hub... ✓ Res 99.9%
  [chain_7v_6e] rep 5/50 uniform... ✓ Res 94.1%
  [chain_7v_6e] rep 5/50 partial... ✓ Res 95.6%
  [chain_7v_6e] rep 5/50 hub... ✓ Res 96.4%
  [chain_7v_6e] rep 6/50 uniform... ✓ Res 96.8%
  [chain_7v_6e] rep 6/50 partial... ✓ Res 73.5%
  [chain_7v_6e] rep 6/50 hub... ✓ Res 99.9%
  [chain_7v_6e] rep 7/50 uniform... ✓ Res 99.9%
  [chain_7v_6e] rep 7/50 partial... ✓ Res 89.0%
  [chain_7v_6e] rep 7/50 hub... ✓ Res 99.8%
  [chain_7v_6e] rep 8/50 uniform... ✓ Res 99.9%
  [chain_7v_6e] rep 8/50 partial... ✓ Res 60.7%
  [chain_7v_6e] rep 8/50 hub... ✓ Res 99.9%
  [chain_7v_6e] rep 9/50 uniform... ✓ Res 100.0%
  [chain_7v_6e] rep 9/50 partial... ✓ Res 58.6%
  [chain_7v_6e] rep 9/50 hub... ✓ Res 100.0%
  [chain_7v_6e] rep 10/50 uniform... ✓ Res 100.0%
  [chain_7v_6e] rep 10/50 partial... ✓ Res 88.2%
  [chain_7v_6e] rep 10/50 hub... ✓ Res 100.0%
  [chain_7v_6e] rep 11/50 uniform... ✓ Res 100.0%
  [chain_7v_6e] rep 11/50 partial... ✓ Res 77.1%
  [chain_7v_6e] rep 11/50 hub... ✓ Res 99.8%
  [chain_7v_6e] rep 12/50 uniform... ✓ Res 99.9%
  [chain_7v_6e] rep 12/50 partial... ✓ Res 68.5%
  [chain_7v_6e] rep 12/50 hub... ✓ Res 99.8%
  [chain_7v_6e] rep 13/50 uniform... ✓ Res 91.4%
  [chain_7v_6e] rep 13/50 partial... ✓ Res 99.0%
  [chain_7v_6e] rep 13/50 hub... ✓ Res 94.3%
  [chain_7v_6e] rep 14/50 uniform... ✓ Res 99.9%
  [chain_7v_6e] rep 14/50 partial... Traceback (most recent call last):
  File "/network/scratch/s/samieima/projects/lir/src/run_strategies_on_pdgs.py", line 1351, in <module>
    main()
  File "/network/scratch/s/samieima/projects/lir/src/run_strategies_on_pdgs.py", line 1282, in main
    _write_json_checkpoint(
  File "/network/scratch/s/samieima/projects/lir/src/run_strategies_on_pdgs.py", line 132, in _write_json_checkpoint
    _write_json_file_atomic(out_path, payload)
  File "/network/scratch/s/samieima/projects/lir/src/run_strategies_on_pdgs.py", line 99, in _write_json_file_atomic
    tmp_path.replace(path)
  File "/home/mila/s/samieima/.local/share/uv/python/cpython-3.11.14-linux-x86_64-gnu/lib/python3.11/pathlib.py", line 1188, in replace
    os.replace(self, target)
FileNotFoundError: [Errno 2] No such file or directory: 'results/attention_parallel_4pdg_50cpd_l40s/pdg3_chain_7v_6e/results_checkpoint.json.tmp' -> 'results/attention_parallel_4pdg_50cpd_l40s/pdg3_chain_7v_6e/results_checkpoint.json'

======== GPU REPORT ========

==============NVSMI LOG==============

Timestamp                                 : Tue Mar 31 23:36:44 2026
Driver Version                            : 580.95.05
CUDA Version                              : 13.0

Attached GPUs                             : 1
GPU 00000000:CA:00.0
    Accounting Mode                       : Enabled
    Accounting Mode Buffer Size           : 4000
    Accounted Processes                   : None

Tue Mar 31 23:36:44 2026       
+-----------------------------------------------------------------------------------------+
| NVIDIA-SMI 580.95.05              Driver Version: 580.95.05      CUDA Version: 13.0     |
+-----------------------------------------+------------------------+----------------------+
| GPU  Name                 Persistence-M | Bus-Id          Disp.A | Volatile Uncorr. ECC |
| Fan  Temp   Perf          Pwr:Usage/Cap |           Memory-Usage | GPU-Util  Compute M. |
|                                         |                        |               MIG M. |
|=========================================+========================+======================|
|   0  NVIDIA L40S                    On  |   00000000:CA:00.0 Off |                    0 |
| N/A   27C    P8             33W /  325W |       0MiB /  46068MiB |      0%      Default |
|                                         |                        |                  N/A |
+-----------------------------------------+------------------------+----------------------+

+-----------------------------------------------------------------------------------------+
| Processes:                                                                              |
|  GPU   GI   CI              PID   Type   Process name                        GPU Memory |
|        ID   ID                                                               Usage      |
|=========================================================================================|
|  No running processes found                                                             |
+-----------------------------------------------------------------------------------------+
